Compiling the C compiler identification source file "CMakeCCompilerId.c" failed.
Compiler: /usr/bin/clang-cl-10 
Build flags: 
Id flags:  

The output was:
1
clang: warning: unable to find a Visual Studio installation; try running Clang from a developer command prompt [-Wmsvc-not-found]
clang: error: unable to execute command: Executable "link.exe" doesn't exist!
clang: error: linker command failed with exit code 1 (use -v to see invocation)


Compiling the CXX compiler identification source file "CMakeCXXCompilerId.cpp" failed.
Compiler: /usr/bin/clang-cl-10 
Build flags: 
Id flags:  

The output was:
1
clang: warning: unable to find a Visual Studio installation; try running Clang from a developer command prompt [-Wmsvc-not-found]
clang: error: unable to execute command: Executable "link.exe" doesn't exist!
clang: error: linker command failed with exit code 1 (use -v to see invocation)


Determining if the C compiler works failed with the following output:
Change Dir: /u/harinik/graphics_raytracing/build/CMakeFiles/CMakeTmp

Run Build Command(s):/usr/bin/ninja cmTC_1dc50 && [1/2] Building C object CMakeFiles/cmTC_1dc50.dir/testCCompiler.c.o
[2/2] Linking C executable cmTC_1dc50
FAILED: cmTC_1dc50 
: && /usr/bin/clang-cl-10    CMakeFiles/cmTC_1dc50.dir/testCCompiler.c.o  -o cmTC_1dc50   && :
clang: warning: unable to find a Visual Studio installation; try running Clang from a developer command prompt [-Wmsvc-not-found]
clang: error: unable to execute command: Executable "link.exe" doesn't exist!
clang: error: linker command failed with exit code 1 (use -v to see invocation)
ninja: build stopped: subcommand failed.



Compiling the C compiler identification source file "CMakeCCompilerId.c" failed.
Compiler: /usr/bin/clang-cl-10 
Build flags: 
Id flags:  

The output was:
1
clang: warning: unable to find a Visual Studio installation; try running Clang from a developer command prompt [-Wmsvc-not-found]
clang: error: unable to execute command: Executable "link.exe" doesn't exist!
clang: error: linker command failed with exit code 1 (use -v to see invocation)


Compiling the CXX compiler identification source file "CMakeCXXCompilerId.cpp" failed.
Compiler: /usr/bin/clang-cl-10 
Build flags: 
Id flags:  

The output was:
1
clang: warning: unable to find a Visual Studio installation; try running Clang from a developer command prompt [-Wmsvc-not-found]
clang: error: unable to execute command: Executable "link.exe" doesn't exist!
clang: error: linker command failed with exit code 1 (use -v to see invocation)


Determining if the C compiler works failed with the following output:
Change Dir: /u/harinik/graphics_raytracing/build/CMakeFiles/CMakeTmp

Run Build Command(s):/usr/bin/ninja cmTC_8f812 && [1/2] Building C object CMakeFiles/cmTC_8f812.dir/testCCompiler.c.o
[2/2] Linking C executable cmTC_8f812
FAILED: cmTC_8f812 
: && /usr/bin/clang-cl-10    CMakeFiles/cmTC_8f812.dir/testCCompiler.c.o  -o cmTC_8f812   && :
clang: warning: unable to find a Visual Studio installation; try running Clang from a developer command prompt [-Wmsvc-not-found]
clang: error: unable to execute command: Executable "link.exe" doesn't exist!
clang: error: linker command failed with exit code 1 (use -v to see invocation)
ninja: build stopped: subcommand failed.



